Determining if the pthread_create exist failed with the following output:
Change Dir: /home/ownclo/workspace/cpp/google-test-examples/ext/gtest/src/googletest-build/CMakeFiles/CMakeTmp

Run Build Command:/usr/bin/make "cmTryCompileExec4048213668/fast"
make[3]: Entering directory `/home/ownclo/workspace/cpp/google-test-examples/ext/gtest/src/googletest-build/CMakeFiles/CMakeTmp'
/usr/bin/make -f CMakeFiles/cmTryCompileExec4048213668.dir/build.make CMakeFiles/cmTryCompileExec4048213668.dir/build
make[4]: Entering directory `/home/ownclo/workspace/cpp/google-test-examples/ext/gtest/src/googletest-build/CMakeFiles/CMakeTmp'
/usr/local/bin/cmake -E cmake_progress_report /home/ownclo/workspace/cpp/google-test-examples/ext/gtest/src/googletest-build/CMakeFiles/CMakeTmp/CMakeFiles 1
Building C object CMakeFiles/cmTryCompileExec4048213668.dir/CheckSymbolExists.c.o
/usr/bin/cc    -o CMakeFiles/cmTryCompileExec4048213668.dir/CheckSymbolExists.c.o   -c /home/ownclo/workspace/cpp/google-test-examples/ext/gtest/src/googletest-build/CMakeFiles/CMakeTmp/CheckSymbolExists.c
Linking C executable cmTryCompileExec4048213668
/usr/local/bin/cmake -E cmake_link_script CMakeFiles/cmTryCompileExec4048213668.dir/link.txt --verbose=1
/usr/bin/cc         CMakeFiles/cmTryCompileExec4048213668.dir/CheckSymbolExists.c.o  -o cmTryCompileExec4048213668 -rdynamic 
CMakeFiles/cmTryCompileExec4048213668.dir/CheckSymbolExists.c.o: In function `main':
CheckSymbolExists.c:(.text+0x16): undefined reference to `pthread_create'
collect2: ld returned 1 exit status
make[4]: Leaving directory `/home/ownclo/workspace/cpp/google-test-examples/ext/gtest/src/googletest-build/CMakeFiles/CMakeTmp'
make[4]: *** [cmTryCompileExec4048213668] Error 1
make[3]: Leaving directory `/home/ownclo/workspace/cpp/google-test-examples/ext/gtest/src/googletest-build/CMakeFiles/CMakeTmp'
make[3]: *** [cmTryCompileExec4048213668/fast] Error 2

File /home/ownclo/workspace/cpp/google-test-examples/ext/gtest/src/googletest-build/CMakeFiles/CMakeTmp/CheckSymbolExists.c:
/* */
#include <pthread.h>

int main(int argc, char** argv)
{
  (void)argv;
#ifndef pthread_create
  return ((int*)(&pthread_create))[argc];
#else
  (void)argc;
  return 0;
#endif
}

Determining if the function pthread_create exists in the pthreads failed with the following output:
Change Dir: /home/ownclo/workspace/cpp/google-test-examples/ext/gtest/src/googletest-build/CMakeFiles/CMakeTmp

Run Build Command:/usr/bin/make "cmTryCompileExec856753466/fast"
make[3]: Entering directory `/home/ownclo/workspace/cpp/google-test-examples/ext/gtest/src/googletest-build/CMakeFiles/CMakeTmp'
/usr/bin/make -f CMakeFiles/cmTryCompileExec856753466.dir/build.make CMakeFiles/cmTryCompileExec856753466.dir/build
make[4]: Entering directory `/home/ownclo/workspace/cpp/google-test-examples/ext/gtest/src/googletest-build/CMakeFiles/CMakeTmp'
/usr/local/bin/cmake -E cmake_progress_report /home/ownclo/workspace/cpp/google-test-examples/ext/gtest/src/googletest-build/CMakeFiles/CMakeTmp/CMakeFiles 1
Building C object CMakeFiles/cmTryCompileExec856753466.dir/CheckFunctionExists.c.o
/usr/bin/cc   -DCHECK_FUNCTION_EXISTS=pthread_create   -o CMakeFiles/cmTryCompileExec856753466.dir/CheckFunctionExists.c.o   -c /usr/local/share/cmake-2.8/Modules/CheckFunctionExists.c
Linking C executable cmTryCompileExec856753466
/usr/local/bin/cmake -E cmake_link_script CMakeFiles/cmTryCompileExec856753466.dir/link.txt --verbose=1
/usr/bin/cc     -DCHECK_FUNCTION_EXISTS=pthread_create    CMakeFiles/cmTryCompileExec856753466.dir/CheckFunctionExists.c.o  -o cmTryCompileExec856753466 -rdynamic -lpthreads 
/usr/bin/ld: cannot find -lpthreads
collect2: ld returned 1 exit status
make[4]: *** [cmTryCompileExec856753466] Error 1
make[4]: Leaving directory `/home/ownclo/workspace/cpp/google-test-examples/ext/gtest/src/googletest-build/CMakeFiles/CMakeTmp'
make[3]: Leaving directory `/home/ownclo/workspace/cpp/google-test-examples/ext/gtest/src/googletest-build/CMakeFiles/CMakeTmp'
make[3]: *** [cmTryCompileExec856753466/fast] Error 2


