Determining if the pthread_create exist failed with the following output:
Change Dir: /home/ownclo/workspace/cpp/google-test-examples/CMakeFiles/CMakeTmp

Run Build Command:/usr/bin/make "cmTryCompileExec168281833/fast"
/usr/bin/make -f CMakeFiles/cmTryCompileExec168281833.dir/build.make CMakeFiles/cmTryCompileExec168281833.dir/build
make[1]: Entering directory `/home/ownclo/workspace/cpp/google-test-examples/CMakeFiles/CMakeTmp'
/usr/local/bin/cmake -E cmake_progress_report /home/ownclo/workspace/cpp/google-test-examples/CMakeFiles/CMakeTmp/CMakeFiles 1
Building C object CMakeFiles/cmTryCompileExec168281833.dir/CheckSymbolExists.c.o
/usr/bin/gcc    -o CMakeFiles/cmTryCompileExec168281833.dir/CheckSymbolExists.c.o   -c /home/ownclo/workspace/cpp/google-test-examples/CMakeFiles/CMakeTmp/CheckSymbolExists.c
Linking C executable cmTryCompileExec168281833
/usr/local/bin/cmake -E cmake_link_script CMakeFiles/cmTryCompileExec168281833.dir/link.txt --verbose=1
/usr/bin/gcc         CMakeFiles/cmTryCompileExec168281833.dir/CheckSymbolExists.c.o  -o cmTryCompileExec168281833 -rdynamic 
CMakeFiles/cmTryCompileExec168281833.dir/CheckSymbolExists.c.o: In function `main':
CheckSymbolExists.c:(.text+0x16): undefined reference to `pthread_create'
collect2: ld returned 1 exit status
make[1]: *** [cmTryCompileExec168281833] Error 1
make[1]: Leaving directory `/home/ownclo/workspace/cpp/google-test-examples/CMakeFiles/CMakeTmp'
make: *** [cmTryCompileExec168281833/fast] Error 2

File /home/ownclo/workspace/cpp/google-test-examples/CMakeFiles/CMakeTmp/CheckSymbolExists.c:
/* */
#include <pthread.h>

int main(int argc, char** argv)
{
  (void)argv;
#ifndef pthread_create
  return ((int*)(&pthread_create))[argc];
#else
  (void)argc;
  return 0;
#endif
}

Determining if the function pthread_create exists in the pthreads failed with the following output:
Change Dir: /home/ownclo/workspace/cpp/google-test-examples/CMakeFiles/CMakeTmp

Run Build Command:/usr/bin/make "cmTryCompileExec2018990627/fast"
/usr/bin/make -f CMakeFiles/cmTryCompileExec2018990627.dir/build.make CMakeFiles/cmTryCompileExec2018990627.dir/build
make[1]: Entering directory `/home/ownclo/workspace/cpp/google-test-examples/CMakeFiles/CMakeTmp'
/usr/local/bin/cmake -E cmake_progress_report /home/ownclo/workspace/cpp/google-test-examples/CMakeFiles/CMakeTmp/CMakeFiles 1
Building C object CMakeFiles/cmTryCompileExec2018990627.dir/CheckFunctionExists.c.o
/usr/bin/gcc   -DCHECK_FUNCTION_EXISTS=pthread_create   -o CMakeFiles/cmTryCompileExec2018990627.dir/CheckFunctionExists.c.o   -c /usr/local/share/cmake-2.8/Modules/CheckFunctionExists.c
Linking C executable cmTryCompileExec2018990627
/usr/local/bin/cmake -E cmake_link_script CMakeFiles/cmTryCompileExec2018990627.dir/link.txt --verbose=1
/usr/bin/gcc     -DCHECK_FUNCTION_EXISTS=pthread_create    CMakeFiles/cmTryCompileExec2018990627.dir/CheckFunctionExists.c.o  -o cmTryCompileExec2018990627 -rdynamic -lpthreads 
/usr/bin/ld: cannot find -lpthreads
collect2: ld returned 1 exit status
make[1]: *** [cmTryCompileExec2018990627] Error 1
make[1]: Leaving directory `/home/ownclo/workspace/cpp/google-test-examples/CMakeFiles/CMakeTmp'
make: *** [cmTryCompileExec2018990627/fast] Error 2


